111’s password %!d(string=111)
11’s password %!d(string=22)
11’s password %!d(string=11)
11’s password %!d(string=22)
11’s password %!d(string=11)
herod’s password %!d(string=herod)
herod’s password %!d(string=herod)
herod’s password %!d(string=herod)
herod’s password %!d(string=herod)
herod’s password %!d(string=herod)
herod’s password %!d(string=herod)
herod’s password %!d(string=herod)
herod’s password %!d(string=herod)
herod’s password %!d(string=herod)
herod’s password %!d(string=herod)
herod’s password %!d(string=herod)
herod’s password %!d(string=herod)
herod’s password %!d(string=herod)
herod’s password %!d(string=herod)
herod’s password %!d(string=herod)
herod’s password %!d(string=herod)
herod’s password %!d(string=herod)
herod’s password %!d(string=herod)
herod’s password %!d(string=herod)
herod’s password %!d(string=herod)
herod’s password %!d(string=herod)
herod’s password %!d(string=herod)
herod’s password %!d(string=herod)
herod’s password %!d(string=herod)
herod’s password %!d(string=herod)
herod’s password %!d(string=herod)
herod’s password %!d(string=herod)
herod’s password %!d(string=herod)
herod’s password %!d(string=herod)
herod’s password %!d(string=herod)
herod’s password %!d(string=herod)
herod’s password %!d(string=herod)
herod’s password %!d(string=herod)
herod’s password %!d(string=herod)
herod’s password %!d(string=herod)
herod’s password %!d(string=herod)
herod’s password %!d(string=herod)
herod’s password %!d(string=herod)
herod’s password %!d(string=herod)
herod’s password %!d(string=herod)
herod’s password %!d(string=herod)
herod’s password %!d(string=herod)
herod’s password %!d(string=herod)
herod’s password %!d(string=herod)
herod’s password %!d(string=herod)
herod’s password %!d(string=herod)
herod’s password %!d(string=herod)
herod’s password %!d(string=herod)
herod’s password %!d(string=herod)
herod’s password %!d(string=herod)
herod’s password %!d(string=herod)
herod’s password %!d(string=herod)
herod’s password %!d(string=herod)
herod’s password %!d(string=herod)
herod’s password %!d(string=herod)
herod’s password %!d(string=herod)
herod’s password %!d(string=herod)
herod’s password %!d(string=herod)
herod’s password %!d(string=herod)
herod’s password %!d(string=herod)
herod’s password %!d(string=herod)
herod’s password %!d(string=herod)
herod’s password %!d(string=herod)
herod’s password %!d(string=herod)
herod’s password %!d(string=herod)
herod’s password %!d(string=herod)
herod’s password %!d(string=herod)
herod’s password %!d(string=herod)
herod’s password %!d(string=herod)
herod’s password %!d(string=herod)
herod’s password %!d(string=herod)
herod’s password %!d(string=herod)
herod’s password %!d(string=herod)
herod’s password %!d(string=herod)
herod’s password %!d(string=herod)
herod’s password %!d(string=herod)
herod’s password %!d(string=herod)
herod’s password %!d(string=herod)
herod’s password %!d(string=herod)
herod’s password %!d(string=herod)
herod’s password %!d(string=herod)
herod’s password %!d(string=herod)
herod’s password %!d(string=herod)
herod’s password %!d(string=herod)
herod’s password %!d(string=herod)
herod’s password %!d(string=herod)
herod’s password %!d(string=herod)
herod’s password %!d(string=herod)
herod’s password %!d(string=herod)
herod’s password %!d(string=herod)
herod’s password %!d(string=herod)
herod’s password %!d(string=herod)
herod’s password %!d(string=herod)
herod’s password %!d(string=herod)
herod’s password %!d(string=herod)
herod’s password %!d(string=herod)
herod’s password %!d(string=herod)
herod’s password %!d(string=herod)
herod’s password %!d(string=herod)
herod’s password %!d(string=herod)
herod’s password %!d(string=herod)
herod’s password %!d(string=herod)
herod’s password %!d(string=herod)
herod’s password %!d(string=herod)
herod’s password %!d(string=herod)
pjc’s password %!d(string=123)
herod’s password %!d(string=herod)
herod’s password %!d(string=herod)
herod’s password %!d(string=herod)
herod’s password %!d(string=herod)
herod’s password %!d(string=herod)
herod’s password %!d(string=herod)
herod’s password %!d(string=herod)
herod’s password %!d(string=herod)
herod’s password %!d(string=herod)
herod’s password %!d(string=herod)
herod’s password %!d(string=herod)
234’s password %!d(string=234)
234’s password %!d(string=234)
234’s password %!d(string=234)
234’s password %!d(string=234)
234’s password %!d(string=234)
234’s password %!d(string=234)
234’s password %!d(string=234)
herod’s password %!d(string=herod)
herod’s password %!d(string=herod)
herod2’s password %!d(string=herod2)
herod2’s password %!d(string=herod2)
herod2’s password %!d(string=herod2)
herod3’s password %!d(string=herod3)
herod3’s password %!d(string=herod3)
herod2’s password %!d(string=herod2)
herod4’s password %!d(string=herod4)
herod4’s password %!d(string=herod4)
herod’s password %!d(string=herod)
config.go:32: ServiceConf: {ServiceName:Account ListenPort:8011 DBSource:herod2:2015hero@/cloudGame}
account_main.go:55: Open Database succeeded!
common_main.go:53: rsp: msg:"RegisterService succeeded!"
account_main.go:44: server listening at [::]:8011
herod4’s password %!d(string=herod4)
account_main.go:86: UserLogIn req:username:"herod4"  password:"herod4" rsp:nickname:"herod4"  msg:"UserLogIn succeeded"
herod’s password %!d(string=herod)
account_main.go:86: UserLogIn req:username:"herod"  password:"123456" rsp:errCode:-1  nickname:"herod"  msg:"UserLogIn error,err:password not match!"
herod’s password %!d(string=herod)
account_main.go:86: UserLogIn req:username:"herod"  password:"123456" rsp:errCode:-1  nickname:"herod"  msg:"UserLogIn error,err:password not match!"
herod1’s password %!d(string=herod1)
account_main.go:86: UserLogIn req:username:"herod1"  password:"123456" rsp:errCode:-1  nickname:"herod1"  msg:"UserLogIn error,err:password not match!"
herod1’s password %!d(string=herod1)
account_main.go:86: UserLogIn req:username:"herod1"  password:"1234" rsp:errCode:-1  nickname:"herod1"  msg:"UserLogIn error,err:password not match!"
account_main.go:78: UserRegister succseeded! userinfo: username:"111"  password:"111"  nickname:"111" 
account_main.go:65: UserRegister req:username:"111"  password:"111"  nickname:"111" rsp:msg:"UserRegister succeeded!"
111’s password %!d(string=111)
account_main.go:86: UserLogIn req:username:"111"  password:"111" rsp:nickname:"111"  msg:"UserLogIn succeeded"
111’s password %!d(string=111)
account_main.go:86: UserLogIn req:username:"111"  password:"111" rsp:nickname:"111"  msg:"UserLogIn succeeded"
herod4’s password %!d(string=herod4)
account_main.go:86: UserLogIn req:username:"herod4"  password:"herod4" rsp:nickname:"herod4"  msg:"UserLogIn succeeded"
herod’s password %!d(string=herod)
account_main.go:86: UserLogIn req:username:"herod"  password:"herod" rsp:nickname:"herod"  msg:"UserLogIn succeeded"
herod’s password %!d(string=herod)
account_main.go:86: UserLogIn req:username:"herod"  password:"herod" rsp:nickname:"herod"  msg:"UserLogIn succeeded"
account_main.go:86: UserLogIn req: rsp:msg:"UserLogIn succeeded"
config.go:32: ServiceConf: {ServiceName:Account ListenPort:8011 DBSource:herod2:2015hero@/cloudGame}
account_main.go:55: Open Database succeeded!
common_main.go:53: rsp: msg:"RegisterService succeeded!"
account_main.go:44: server listening at [::]:8011
Herod’s password %!d(string=herod)
account_main.go:86: UserLogIn req:username:"Herod" rsp:errCode:-1  nickname:"herod"  msg:"UserLogIn error,err:password not match!"
herod’s password %!d(string=herod)
account_main.go:86: UserLogIn req:username:"herod"  password:"herod" rsp:nickname:"herod"  msg:"UserLogIn succeeded"
Herod’s password %!d(string=herod)
account_main.go:86: UserLogIn req:username:"Herod"  password:"Herod" rsp:errCode:-1  nickname:"herod"  msg:"UserLogIn error,err:password not match!"
herod4’s password %!d(string=herod4)
account_main.go:86: UserLogIn req:username:"herod4"  password:"herod4" rsp:nickname:"herod4"  msg:"UserLogIn succeeded"
herod4’s password %!d(string=herod4)
account_main.go:86: UserLogIn req:username:"herod4"  password:"herod4" rsp:nickname:"herod4"  msg:"UserLogIn succeeded"
account_main.go:86: UserLogIn req:username:"heord5"  password:"herod5" rsp:errCode:-1  msg:"UserLogIn error,err:password not match!"
herod’s password %!d(string=herod)
account_main.go:86: UserLogIn req:username:"herod"  password:"herod" rsp:nickname:"herod"  msg:"UserLogIn succeeded"
herod’s password %!d(string=herod)
account_main.go:86: UserLogIn req:username:"herod"  password:"herod" rsp:nickname:"herod"  msg:"UserLogIn succeeded"
herod’s password %!d(string=herod)
account_main.go:86: UserLogIn req:username:"herod"  password:"herod" rsp:nickname:"herod"  msg:"UserLogIn succeeded"
herod’s password %!d(string=herod)
account_main.go:86: UserLogIn req:username:"herod"  password:"herod" rsp:nickname:"herod"  msg:"UserLogIn succeeded"
