SDP:
v=0
o=- 0 0 IN IP4 127.0.0.1
s=No Name
c=IN IP4 127.0.0.1
t=0 0
a=tool:libavformat 57.83.100
m=video 5887 RTP/AVP 96
b=AS:200
a=rtpmap:96 VP8/90000

SDP:
v=0
o=- 0 0 IN IP4 127.0.0.1
s=No Name
c=IN IP4 127.0.0.1
t=0 0
a=tool:libavformat 57.83.100
m=video 5020 RTP/AVP 96
b=AS:200
a=rtpmap:96 VP8/90000

SDP:
v=0
o=- 0 0 IN IP4 127.0.0.1
s=No Name
c=IN IP4 127.0.0.1
t=0 0
a=tool:libavformat 57.83.100
m=video 5324 RTP/AVP 96
b=AS:200
a=rtpmap:96 VP8/90000

SDP:
v=0
o=- 0 0 IN IP4 127.0.0.1
s=No Name
c=IN IP4 127.0.0.1
t=0 0
a=tool:libavformat 57.83.100
m=video 5133 RTP/AVP 96
b=AS:200
a=rtpmap:96 VP8/90000

SDP:
v=0
o=- 0 0 IN IP4 127.0.0.1
s=No Name
c=IN IP4 127.0.0.1
t=0 0
a=tool:libavformat 57.83.100
m=video 5137 RTP/AVP 96
b=AS:200
a=rtpmap:96 VP8/90000

SDP:
v=0
o=- 0 0 IN IP4 127.0.0.1
s=No Name
c=IN IP4 127.0.0.1
t=0 0
a=tool:libavformat 57.83.100
m=video 5596 RTP/AVP 96
b=AS:200
a=rtpmap:96 VP8/90000

SDP:
v=0
o=- 0 0 IN IP4 127.0.0.1
s=No Name
c=IN IP4 127.0.0.1
t=0 0
a=tool:libavformat 57.83.100
m=video 5891 RTP/AVP 96
b=AS:200
a=rtpmap:96 VP8/90000

SDP:
v=0
o=- 0 0 IN IP4 127.0.0.1
s=No Name
c=IN IP4 127.0.0.1
t=0 0
a=tool:libavformat 57.83.100
m=video 5252 RTP/AVP 96
b=AS:200
a=rtpmap:96 VP8/90000

SDP:
v=0
o=- 0 0 IN IP4 127.0.0.1
s=No Name
c=IN IP4 127.0.0.1
t=0 0
a=tool:libavformat 57.83.100
m=video 5256 RTP/AVP 96
b=AS:200
a=rtpmap:96 VP8/90000

SDP:
v=0
o=- 0 0 IN IP4 127.0.0.1
s=No Name
c=IN IP4 127.0.0.1
t=0 0
a=tool:libavformat 57.83.100
m=video 5260 RTP/AVP 96
b=AS:200
a=rtpmap:96 VP8/90000

SDP:
v=0
o=- 0 0 IN IP4 127.0.0.1
s=No Name
c=IN IP4 127.0.0.1
t=0 0
a=tool:libavformat 57.83.100
m=video 5347 RTP/AVP 96
b=AS:200
a=rtpmap:96 VP8/90000

SDP:
v=0
o=- 0 0 IN IP4 127.0.0.1
s=No Name
c=IN IP4 127.0.0.1
t=0 0
a=tool:libavformat 57.83.100
m=video 5402 RTP/AVP 96
b=AS:200
a=rtpmap:96 VP8/90000

SDP:
v=0
o=- 0 0 IN IP4 127.0.0.1
s=No Name
c=IN IP4 127.0.0.1
t=0 0
a=tool:libavformat 57.83.100
m=video 5409 RTP/AVP 96
b=AS:200
a=rtpmap:96 VP8/90000

SDP:
v=0
o=- 0 0 IN IP4 127.0.0.1
s=No Name
c=IN IP4 127.0.0.1
t=0 0
a=tool:libavformat 57.83.100
m=video 5431 RTP/AVP 96
b=AS:200
a=rtpmap:96 VP8/90000

SDP:
v=0
o=- 0 0 IN IP4 127.0.0.1
s=No Name
c=IN IP4 127.0.0.1
t=0 0
a=tool:libavformat 57.83.100
m=video 5434 RTP/AVP 96
b=AS:200
a=rtpmap:96 VP8/90000

SDP:
v=0
o=- 0 0 IN IP4 127.0.0.1
s=No Name
c=IN IP4 127.0.0.1
t=0 0
a=tool:libavformat 57.83.100
m=video 5438 RTP/AVP 96
b=AS:200
a=rtpmap:96 VP8/90000

SDP:
v=0
o=- 0 0 IN IP4 127.0.0.1
s=No Name
c=IN IP4 127.0.0.1
t=0 0
a=tool:libavformat 57.83.100
m=video 5449 RTP/AVP 96
b=AS:200
a=rtpmap:96 VP8/90000

SDP:
v=0
o=- 0 0 IN IP4 127.0.0.1
s=No Name
c=IN IP4 127.0.0.1
t=0 0
a=tool:libavformat 57.83.100
m=video 5452 RTP/AVP 96
b=AS:200
a=rtpmap:96 VP8/90000

SDP:
v=0
o=- 0 0 IN IP4 127.0.0.1
s=No Name
c=IN IP4 127.0.0.1
t=0 0
a=tool:libavformat 57.83.100
m=video 5931 RTP/AVP 96
b=AS:200
a=rtpmap:96 VP8/90000

SDP:
v=0
o=- 0 0 IN IP4 127.0.0.1
s=No Name
c=IN IP4 127.0.0.1
t=0 0
a=tool:libavformat 57.83.100
m=video 5237 RTP/AVP 96
b=AS:200
a=rtpmap:96 VP8/90000

SDP:
v=0
o=- 0 0 IN IP4 127.0.0.1
s=No Name
c=IN IP4 127.0.0.1
t=0 0
a=tool:libavformat 57.83.100
m=video 5288 RTP/AVP 96
b=AS:200
a=rtpmap:96 VP8/90000

SDP:
v=0
o=- 0 0 IN IP4 127.0.0.1
s=No Name
c=IN IP4 127.0.0.1
t=0 0
a=tool:libavformat 57.83.100
m=video 5188 RTP/AVP 96
b=AS:200
a=rtpmap:96 VP8/90000

SDP:
v=0
o=- 0 0 IN IP4 127.0.0.1
s=No Name
c=IN IP4 127.0.0.1
t=0 0
a=tool:libavformat 57.83.100
m=video 5154 RTP/AVP 96
b=AS:200
a=rtpmap:96 VP8/90000

SDP:
v=0
o=- 0 0 IN IP4 127.0.0.1
s=No Name
c=IN IP4 127.0.0.1
t=0 0
a=tool:libavformat 57.83.100
m=video 5203 RTP/AVP 96
b=AS:200
a=rtpmap:96 VP8/90000

SDP:
v=0
o=- 0 0 IN IP4 127.0.0.1
s=No Name
c=IN IP4 127.0.0.1
t=0 0
a=tool:libavformat 57.83.100
m=video 5737 RTP/AVP 96
b=AS:200
a=rtpmap:96 VP8/90000

SDP:
v=0
o=- 0 0 IN IP4 127.0.0.1
s=No Name
c=IN IP4 127.0.0.1
t=0 0
a=tool:libavformat 57.83.100
m=video 5750 RTP/AVP 96
b=AS:200
a=rtpmap:96 VP8/90000

SDP:
v=0
o=- 0 0 IN IP4 127.0.0.1
s=No Name
c=IN IP4 127.0.0.1
t=0 0
a=tool:libavformat 57.83.100
m=video 5936 RTP/AVP 96
b=AS:200
a=rtpmap:96 VP8/90000

SDP:
v=0
o=- 0 0 IN IP4 127.0.0.1
s=No Name
c=IN IP4 127.0.0.1
t=0 0
a=tool:libavformat 57.83.100
m=video 5599 RTP/AVP 96
b=AS:200
a=rtpmap:96 VP8/90000

SDP:
v=0
o=- 0 0 IN IP4 127.0.0.1
s=No Name
c=IN IP4 127.0.0.1
t=0 0
a=tool:libavformat 57.83.100
m=video 5846 RTP/AVP 96
b=AS:200
a=rtpmap:96 VP8/90000

SDP:
v=0
o=- 0 0 IN IP4 127.0.0.1
s=No Name
c=IN IP4 127.0.0.1
t=0 0
a=tool:libavformat 57.83.100
m=video 5193 RTP/AVP 96
b=AS:200
a=rtpmap:96 VP8/90000

SDP:
v=0
o=- 0 0 IN IP4 127.0.0.1
s=No Name
c=IN IP4 127.0.0.1
t=0 0
a=tool:libavformat 57.83.100
m=video 5755 RTP/AVP 96
b=AS:200
a=rtpmap:96 VP8/90000

SDP:
v=0
o=- 0 0 IN IP4 127.0.0.1
s=No Name
c=IN IP4 127.0.0.1
t=0 0
a=tool:libavformat 57.83.100
m=video 5795 RTP/AVP 96
b=AS:200
a=rtpmap:96 VP8/90000

SDP:
v=0
o=- 0 0 IN IP4 127.0.0.1
s=No Name
c=IN IP4 127.0.0.1
t=0 0
a=tool:libavformat 57.83.100
m=video 5134 RTP/AVP 96
b=AS:200
a=rtpmap:96 VP8/90000

SDP:
v=0
o=- 0 0 IN IP4 127.0.0.1
s=No Name
c=IN IP4 127.0.0.1
t=0 0
a=tool:libavformat 57.83.100
m=video 5259 RTP/AVP 96
b=AS:200
a=rtpmap:96 VP8/90000

SDP:
v=0
o=- 0 0 IN IP4 127.0.0.1
s=No Name
c=IN IP4 127.0.0.1
t=0 0
a=tool:libavformat 57.83.100
m=video 5263 RTP/AVP 96
b=AS:200
a=rtpmap:96 VP8/90000

SDP:
v=0
o=- 0 0 IN IP4 127.0.0.1
s=No Name
c=IN IP4 127.0.0.1
t=0 0
a=tool:libavformat 57.83.100
m=video 5291 RTP/AVP 96
b=AS:200
a=rtpmap:96 VP8/90000

SDP:
v=0
o=- 0 0 IN IP4 127.0.0.1
s=No Name
c=IN IP4 127.0.0.1
t=0 0
a=tool:libavformat 57.83.100
m=video 5673 RTP/AVP 96
b=AS:200
a=rtpmap:96 VP8/90000

SDP:
v=0
o=- 0 0 IN IP4 127.0.0.1
s=No Name
c=IN IP4 127.0.0.1
t=0 0
a=tool:libavformat 57.83.100
m=video 5702 RTP/AVP 96
b=AS:200
a=rtpmap:96 VP8/90000

SDP:
v=0
o=- 0 0 IN IP4 127.0.0.1
s=No Name
c=IN IP4 127.0.0.1
t=0 0
a=tool:libavformat 57.83.100
m=video 5732 RTP/AVP 96
b=AS:200
a=rtpmap:96 VP8/90000

SDP:
v=0
o=- 0 0 IN IP4 127.0.0.1
s=No Name
c=IN IP4 127.0.0.1
t=0 0
a=tool:libavformat 57.83.100
m=video 5760 RTP/AVP 96
b=AS:200
a=rtpmap:96 VP8/90000

SDP:
v=0
o=- 0 0 IN IP4 127.0.0.1
s=No Name
c=IN IP4 127.0.0.1
t=0 0
a=tool:libavformat 57.83.100
m=video 5831 RTP/AVP 96
b=AS:200
a=rtpmap:96 VP8/90000

SDP:
v=0
o=- 0 0 IN IP4 127.0.0.1
s=No Name
c=IN IP4 127.0.0.1
t=0 0
a=tool:libavformat 57.83.100
m=video 5315 RTP/AVP 96
b=AS:200
a=rtpmap:96 VP8/90000

SDP:
v=0
o=- 0 0 IN IP4 127.0.0.1
s=No Name
c=IN IP4 127.0.0.1
t=0 0
a=tool:libavformat 57.83.100
m=video 5847 RTP/AVP 96
b=AS:200
a=rtpmap:96 VP8/90000

SDP:
v=0
o=- 0 0 IN IP4 127.0.0.1
s=No Name
c=IN IP4 127.0.0.1
t=0 0
a=tool:libavformat 57.83.100
m=video 5167 RTP/AVP 96
b=AS:200
a=rtpmap:96 VP8/90000

SDP:
v=0
o=- 0 0 IN IP4 127.0.0.1
s=No Name
c=IN IP4 127.0.0.1
t=0 0
a=tool:libavformat 57.83.100
m=video 5178 RTP/AVP 96
b=AS:200
a=rtpmap:96 VP8/90000

SDP:
v=0
o=- 0 0 IN IP4 127.0.0.1
s=No Name
c=IN IP4 127.0.0.1
t=0 0
a=tool:libavformat 57.83.100
m=video 5204 RTP/AVP 96
b=AS:200
a=rtpmap:96 VP8/90000

SDP:
v=0
o=- 0 0 IN IP4 127.0.0.1
s=No Name
c=IN IP4 127.0.0.1
t=0 0
a=tool:libavformat 57.83.100
m=video 5593 RTP/AVP 96
b=AS:200
a=rtpmap:96 VP8/90000

SDP:
v=0
o=- 0 0 IN IP4 127.0.0.1
s=No Name
c=IN IP4 127.0.0.1
t=0 0
a=tool:libavformat 57.83.100
m=video 5608 RTP/AVP 96
b=AS:200
a=rtpmap:96 VP8/90000

SDP:
v=0
o=- 0 0 IN IP4 127.0.0.1
s=No Name
c=IN IP4 127.0.0.1
t=0 0
a=tool:libavformat 57.83.100
m=video 5702 RTP/AVP 96
b=AS:200
a=rtpmap:96 VP8/90000

SDP:
v=0
o=- 0 0 IN IP4 127.0.0.1
s=No Name
c=IN IP4 127.0.0.1
t=0 0
a=tool:libavformat 57.83.100
m=video 5062 RTP/AVP 96
b=AS:200
a=rtpmap:96 VP8/90000

SDP:
v=0
o=- 0 0 IN IP4 127.0.0.1
s=No Name
c=IN IP4 127.0.0.1
t=0 0
a=tool:libavformat 57.83.100
m=video 5074 RTP/AVP 96
b=AS:200
a=rtpmap:96 VP8/90000

SDP:
v=0
o=- 0 0 IN IP4 127.0.0.1
s=No Name
c=IN IP4 127.0.0.1
t=0 0
a=tool:libavformat 57.83.100
m=video 5077 RTP/AVP 96
b=AS:200
a=rtpmap:96 VP8/90000

SDP:
v=0
o=- 0 0 IN IP4 127.0.0.1
s=No Name
c=IN IP4 127.0.0.1
t=0 0
a=tool:libavformat 57.83.100
m=video 5078 RTP/AVP 96
b=AS:200
a=rtpmap:96 VP8/90000

SDP:
v=0
o=- 0 0 IN IP4 127.0.0.1
s=No Name
c=IN IP4 127.0.0.1
t=0 0
a=tool:libavformat 57.83.100
m=video 5144 RTP/AVP 96
b=AS:200
a=rtpmap:96 VP8/90000

SDP:
v=0
o=- 0 0 IN IP4 127.0.0.1
s=No Name
c=IN IP4 127.0.0.1
t=0 0
a=tool:libavformat 57.83.100
m=video 5250 RTP/AVP 96
b=AS:200
a=rtpmap:96 VP8/90000

SDP:
v=0
o=- 0 0 IN IP4 127.0.0.1
s=No Name
c=IN IP4 127.0.0.1
t=0 0
a=tool:libavformat 57.83.100
m=video 5429 RTP/AVP 96
b=AS:200
a=rtpmap:96 VP8/90000

SDP:
v=0
o=- 0 0 IN IP4 127.0.0.1
s=No Name
c=IN IP4 127.0.0.1
t=0 0
a=tool:libavformat 57.83.100
m=video 5801 RTP/AVP 96
b=AS:200
a=rtpmap:96 VP8/90000

SDP:
v=0
o=- 0 0 IN IP4 127.0.0.1
s=No Name
c=IN IP4 127.0.0.1
t=0 0
a=tool:libavformat 57.83.100
m=video 5575 RTP/AVP 96
b=AS:200
a=rtpmap:96 VP8/90000

SDP:
v=0
o=- 0 0 IN IP4 127.0.0.1
s=No Name
c=IN IP4 127.0.0.1
t=0 0
a=tool:libavformat 57.83.100
m=video 5201 RTP/AVP 96
b=AS:200
a=rtpmap:96 VP8/90000

SDP:
v=0
o=- 0 0 IN IP4 127.0.0.1
s=No Name
c=IN IP4 127.0.0.1
t=0 0
a=tool:libavformat 57.83.100
m=video 5238 RTP/AVP 96
b=AS:200
a=rtpmap:96 VP8/90000

SDP:
v=0
o=- 0 0 IN IP4 127.0.0.1
s=No Name
c=IN IP4 127.0.0.1
t=0 0
a=tool:libavformat 57.83.100
m=video 5804 RTP/AVP 96
b=AS:200
a=rtpmap:96 VP8/90000

SDP:
v=0
o=- 0 0 IN IP4 127.0.0.1
s=No Name
c=IN IP4 127.0.0.1
t=0 0
a=tool:libavformat 57.83.100
m=video 5938 RTP/AVP 96
b=AS:200
a=rtpmap:96 VP8/90000

SDP:
v=0
o=- 0 0 IN IP4 127.0.0.1
s=No Name
c=IN IP4 127.0.0.1
t=0 0
a=tool:libavformat 57.83.100
m=video 5654 RTP/AVP 96
b=AS:200
a=rtpmap:96 VP8/90000

SDP:
v=0
o=- 0 0 IN IP4 127.0.0.1
s=No Name
c=IN IP4 127.0.0.1
t=0 0
a=tool:libavformat 57.83.100
m=video 5643 RTP/AVP 96
b=AS:200
a=rtpmap:96 VP8/90000

